
> fintastech-frontend@0.3.0 dev
> next dev --port 3000 --port 3000

 ⚠ Warning: Next.js inferred your workspace root, but it may not be correct.
 We detected multiple lockfiles and selected the directory of /Users/jasonhe2005/Desktop/42/IDEAS/FintasTech/package-lock.json as the root directory.
 To silence this warning, set `outputFileTracingRoot` in your Next.js config, or consider removing one of the lockfiles if it's not needed.
   See https://nextjs.org/docs/app/api-reference/config/next-config-js/output#caveats for more information.
 Detected additional lockfiles: 
   * /Users/jasonhe2005/Desktop/42/IDEAS/FintasTech/frontend/package-lock.json

   ▲ Next.js 15.5.15
   - Local:        http://localhost:3000
   - Network:      http://10.68.45.134:3000

 ✓ Starting...
 ✓ Ready in 1395ms
 ✓ Compiled / in 364ms (603 modules)
 GET / 200 in 551ms
 GET / 200 in 41ms
 ⚠ Cross origin request detected from 127.0.0.1 to /_next/* resource. In a future major version of Next.js, you will need to explicitly configure "allowedDevOrigins" in next.config to allow this.
Read more: https://nextjs.org/docs/app/api-reference/config/next-config-js/allowedDevOrigins
 ✓ Compiled /simulation in 220ms (616 modules)
 GET /simulation 200 in 281ms
 GET /simulation 200 in 26ms
 ✓ Compiled /analysis in 142ms (631 modules)
 GET /analysis 200 in 174ms
 GET /simulation 200 in 31ms
 GET /analysis 200 in 25ms
 ✓ Compiled /backtest in 142ms (638 modules)
 GET /backtest 200 in 173ms
 ✓ Compiled /vault in 365ms (979 modules)
 GET /vault 200 in 403ms
 ✓ Compiled /settings in 299ms (964 modules)
 GET /settings 200 in 358ms
 GET /vault 200 in 32ms
 ✓ Compiled /backtest in 85ms (570 modules)
 GET /backtest 200 in 121ms
 GET /vault 200 in 31ms
 GET /backtest 200 in 21ms
 ✓ Compiled /analysis in 93ms (581 modules)
 GET /analysis 200 in 127ms
 ✓ Compiled /simulation in 119ms (586 modules)
 GET /simulation 200 in 162ms
 GET /analysis 200 in 33ms
 GET /backtest 200 in 38ms
 GET /vault 200 in 35ms
 GET /settings 200 in 33ms
 GET /vault 200 in 25ms
 GET / 200 in 34ms
 GET /backtest 200 in 27ms
 GET /vault 200 in 29ms
 GET / 200 in 26ms
 GET /vault 200 in 31ms
 GET /settings 200 in 29ms
 GET /vault 200 in 29ms
[?25h
npm notice
npm notice New major version of npm available! 10.9.7 -> 11.12.1
npm notice Changelog: https://github.com/npm/cli/releases/tag/v11.12.1
npm notice To update run: npm install -g npm@11.12.1
npm notice
